<?xml version="1.0" encoding="UTF-8"?>
<testsuite xmlns:xsi="http://www.w3.org/2001/XMLSchema-instance" xsi:noNamespaceSchemaLocation="https://maven.apache.org/surefire/maven-surefire-plugin/xsd/surefire-test-report.xsd" name="br.com.gubee.interview.core.features.hero.HeroControllerTest" time="10.605" tests="8" errors="0" skipped="0" failures="0">
  <properties>
[...]
</properties>
  <testcase name="updateHeroHeroWithRequiredArguments" classname="br.com.gubee.interview.core.features.hero.HeroControllerTest" time="0.905"/>
  <testcase name="createShouldNotFoundWhenIdPowerStatsIdDoesntExist" classname="br.com.gubee.interview.core.features.hero.HeroControllerTest" time="0.075"/>
  <testcase name="createAHeroWithAllRequiredArguments" classname="br.com.gubee.interview.core.features.hero.HeroControllerTest" time="0.111"/>
  <testcase name="deleteHeroWithRequiredArguments" classname="br.com.gubee.interview.core.features.hero.HeroControllerTest" time="0.039"/>
  <testcase name="findHeroWithRequiredArguments" classname="br.com.gubee.interview.core.features.hero.HeroControllerTest" time="0.059"/>
  <testcase name="deleteHeroShouldReturnNotFoundWhenHeroIdNotExists" classname="br.com.gubee.interview.core.features.hero.HeroControllerTest" time="0.05"/>
  <testcase name="findHeroShouldReturnNotFoundWhenHeroIdNotExists" classname="br.com.gubee.interview.core.features.hero.HeroControllerTest" time="0.053"/>
  <testcase name="updateHeroHeroShouldReturnNotFoundWhenHeroIdNotExists" classname="br.com.gubee.interview.core.features.hero.HeroControllerTest" time="0.034"/>
</testsuite>